Assembler report for VHDL_microprocessor
Fri Jul 30 14:33:50 2021
Quartus Prime Version 16.1.0 Build 196 10/24/2016 SJ Lite Edition


---------------------
; Table of Contents ;
---------------------
  1. Legal Notice
  2. Assembler Summary
  3. Assembler Settings
  4. Assembler Generated Files
  5. Assembler Device Options: C:/Users/Simon/Desktop/Masterstudium/HardwareEntwurf/et5000_hardwareentwurf/VHDL_microprocessor.sof
  6. Assembler Messages



----------------
; Legal Notice ;
----------------
Copyright (C) 2016  Intel Corporation. All rights reserved.
Your use of Intel Corporation's design tools, logic functions 
and other software and tools, and its AMPP partner logic 
functions, and any output files from any of the foregoing 
(including device programming or simulation files), and any 
associated documentation or information are expressly subject 
to the terms and conditions of the Intel Program License 
Subscription Agreement, the Intel Quartus Prime License Agreement,
the Intel MegaCore Function License Agreement, or other 
applicable license agreement, including, without limitation, 
that your use is for the sole purpose of programming logic 
devices manufactured by Intel and sold by Intel or its 
authorized distributors.  Please refer to the applicable 
agreement for further details.



+---------------------------------------------------------------+
; Assembler Summary                                             ;
+-----------------------+---------------------------------------+
; Assembler Status      ; Successful - Fri Jul 30 14:33:50 2021 ;
; Revision Name         ; VHDL_microprocessor                   ;
; Top-level Entity Name ; VHDL_microprocessor                   ;
; Family                ; Cyclone V                             ;
; Device                ; 5CGXFC7C7F23C8                        ;
+-----------------------+---------------------------------------+


+----------------------------------+
; Assembler Settings               ;
+--------+---------+---------------+
; Option ; Setting ; Default Value ;
+--------+---------+---------------+


+-----------------------------------------------------------------------------------------------------+
; Assembler Generated Files                                                                           ;
+-----------------------------------------------------------------------------------------------------+
; File Name                                                                                           ;
+-----------------------------------------------------------------------------------------------------+
; C:/Users/Simon/Desktop/Masterstudium/HardwareEntwurf/et5000_hardwareentwurf/VHDL_microprocessor.sof ;
+-----------------------------------------------------------------------------------------------------+


+-------------------------------------------------------------------------------------------------------------------------------+
; Assembler Device Options: C:/Users/Simon/Desktop/Masterstudium/HardwareEntwurf/et5000_hardwareentwurf/VHDL_microprocessor.sof ;
+----------------+--------------------------------------------------------------------------------------------------------------+
; Option         ; Setting                                                                                                      ;
+----------------+--------------------------------------------------------------------------------------------------------------+
; Device         ; 5CGXFC7C7F23C8                                                                                               ;
; JTAG usercode  ; 0x00F71473                                                                                                   ;
; Checksum       ; 0x00F71473                                                                                                   ;
+----------------+--------------------------------------------------------------------------------------------------------------+


+--------------------+
; Assembler Messages ;
+--------------------+
Info: *******************************************************************
Info: Running Quartus Prime Assembler
    Info: Version 16.1.0 Build 196 10/24/2016 SJ Lite Edition
    Info: Processing started: Fri Jul 30 14:33:40 2021
Info: Command: quartus_asm --read_settings_files=off --write_settings_files=off VHDL_microprocessor -c VHDL_microprocessor
Info (115030): Assembler is generating device programming files
Info: Quartus Prime Assembler was successful. 0 errors, 0 warnings
    Info: Peak virtual memory: 4825 megabytes
    Info: Processing ended: Fri Jul 30 14:33:50 2021
    Info: Elapsed time: 00:00:10
    Info: Total CPU time (on all processors): 00:00:08


