Analysis & Synthesis report for VHDL_microprocessor
Sat Jun 26 10:32:17 2021
Quartus Prime Version 16.1.0 Build 196 10/24/2016 SJ Lite Edition


---------------------
; Table of Contents ;
---------------------
  1. Legal Notice
  2. Analysis & Synthesis Summary
  3. Analysis & Synthesis Settings
  4. Parallel Compilation
  5. Analysis & Synthesis Source Files Read
  6. Analysis & Synthesis Resource Usage Summary
  7. Analysis & Synthesis Resource Utilization by Entity
  8. General Register Statistics
  9. Post-Synthesis Netlist Statistics for Top Partition
 10. Elapsed Time Per Partition
 11. Analysis & Synthesis Messages



----------------
; Legal Notice ;
----------------
Copyright (C) 2016  Intel Corporation. All rights reserved.
Your use of Intel Corporation's design tools, logic functions 
and other software and tools, and its AMPP partner logic 
functions, and any output files from any of the foregoing 
(including device programming or simulation files), and any 
associated documentation or information are expressly subject 
to the terms and conditions of the Intel Program License 
Subscription Agreement, the Intel Quartus Prime License Agreement,
the Intel MegaCore Function License Agreement, or other 
applicable license agreement, including, without limitation, 
that your use is for the sole purpose of programming logic 
devices manufactured by Intel and sold by Intel or its 
authorized distributors.  Please refer to the applicable 
agreement for further details.



+-------------------------------------------------------------------------------+
; Analysis & Synthesis Summary                                                  ;
+---------------------------------+---------------------------------------------+
; Analysis & Synthesis Status     ; Successful - Sat Jun 26 10:32:17 2021       ;
; Quartus Prime Version           ; 16.1.0 Build 196 10/24/2016 SJ Lite Edition ;
; Revision Name                   ; VHDL_microprocessor                         ;
; Top-level Entity Name           ; VHDL_microprocessor                         ;
; Family                          ; Cyclone V                                   ;
; Logic utilization (in ALMs)     ; N/A                                         ;
; Total registers                 ; 0                                           ;
; Total pins                      ; 1                                           ;
; Total virtual pins              ; 0                                           ;
; Total block memory bits         ; 0                                           ;
; Total DSP Blocks                ; 0                                           ;
; Total HSSI RX PCSs              ; 0                                           ;
; Total HSSI PMA RX Deserializers ; 0                                           ;
; Total HSSI TX PCSs              ; 0                                           ;
; Total HSSI PMA TX Serializers   ; 0                                           ;
; Total PLLs                      ; 0                                           ;
; Total DLLs                      ; 0                                           ;
+---------------------------------+---------------------------------------------+


+-----------------------------------------------------------------------------------------------------------------------------+
; Analysis & Synthesis Settings                                                                                               ;
+---------------------------------------------------------------------------------+---------------------+---------------------+
; Option                                                                          ; Setting             ; Default Value       ;
+---------------------------------------------------------------------------------+---------------------+---------------------+
; Device                                                                          ; 5CGXFC7C7F23C8      ;                     ;
; Top-level entity name                                                           ; VHDL_microprocessor ; VHDL_microprocessor ;
; Family name                                                                     ; Cyclone V           ; Cyclone V           ;
; Maximum processors allowed for parallel compilation                             ; All                 ;                     ;
; Use smart compilation                                                           ; Off                 ; Off                 ;
; Enable parallel Assembler and TimeQuest Timing Analyzer during compilation      ; On                  ; On                  ;
; Enable compact report table                                                     ; Off                 ; Off                 ;
; Restructure Multiplexers                                                        ; Auto                ; Auto                ;
; MLAB Add Timing Constraints For Mixed-Port Feed-Through Mode Setting Don't Care ; Off                 ; Off                 ;
; Create Debugging Nodes for IP Cores                                             ; Off                 ; Off                 ;
; Preserve fewer node names                                                       ; On                  ; On                  ;
; OpenCore Plus hardware evaluation                                               ; Enable              ; Enable              ;
; Verilog Version                                                                 ; Verilog_2001        ; Verilog_2001        ;
; VHDL Version                                                                    ; VHDL_1993           ; VHDL_1993           ;
; State Machine Processing                                                        ; Auto                ; Auto                ;
; Safe State Machine                                                              ; Off                 ; Off                 ;
; Extract Verilog State Machines                                                  ; On                  ; On                  ;
; Extract VHDL State Machines                                                     ; On                  ; On                  ;
; Ignore Verilog initial constructs                                               ; Off                 ; Off                 ;
; Iteration limit for constant Verilog loops                                      ; 5000                ; 5000                ;
; Iteration limit for non-constant Verilog loops                                  ; 250                 ; 250                 ;
; Add Pass-Through Logic to Inferred RAMs                                         ; On                  ; On                  ;
; Infer RAMs from Raw Logic                                                       ; On                  ; On                  ;
; Parallel Synthesis                                                              ; On                  ; On                  ;
; DSP Block Balancing                                                             ; Auto                ; Auto                ;
; NOT Gate Push-Back                                                              ; On                  ; On                  ;
; Power-Up Don't Care                                                             ; On                  ; On                  ;
; Remove Redundant Logic Cells                                                    ; Off                 ; Off                 ;
; Remove Duplicate Registers                                                      ; On                  ; On                  ;
; Ignore CARRY Buffers                                                            ; Off                 ; Off                 ;
; Ignore CASCADE Buffers                                                          ; Off                 ; Off                 ;
; Ignore GLOBAL Buffers                                                           ; Off                 ; Off                 ;
; Ignore ROW GLOBAL Buffers                                                       ; Off                 ; Off                 ;
; Ignore LCELL Buffers                                                            ; Off                 ; Off                 ;
; Ignore SOFT Buffers                                                             ; On                  ; On                  ;
; Limit AHDL Integers to 32 Bits                                                  ; Off                 ; Off                 ;
; Optimization Technique                                                          ; Balanced            ; Balanced            ;
; Carry Chain Length                                                              ; 70                  ; 70                  ;
; Auto Carry Chains                                                               ; On                  ; On                  ;
; Auto Open-Drain Pins                                                            ; On                  ; On                  ;
; Perform WYSIWYG Primitive Resynthesis                                           ; Off                 ; Off                 ;
; Auto ROM Replacement                                                            ; On                  ; On                  ;
; Auto RAM Replacement                                                            ; On                  ; On                  ;
; Auto DSP Block Replacement                                                      ; On                  ; On                  ;
; Auto Shift Register Replacement                                                 ; Auto                ; Auto                ;
; Allow Shift Register Merging across Hierarchies                                 ; Auto                ; Auto                ;
; Auto Clock Enable Replacement                                                   ; On                  ; On                  ;
; Strict RAM Replacement                                                          ; Off                 ; Off                 ;
; Allow Synchronous Control Signals                                               ; On                  ; On                  ;
; Force Use of Synchronous Clear Signals                                          ; Off                 ; Off                 ;
; Auto Resource Sharing                                                           ; Off                 ; Off                 ;
; Allow Any RAM Size For Recognition                                              ; Off                 ; Off                 ;
; Allow Any ROM Size For Recognition                                              ; Off                 ; Off                 ;
; Allow Any Shift Register Size For Recognition                                   ; Off                 ; Off                 ;
; Use LogicLock Constraints during Resource Balancing                             ; On                  ; On                  ;
; Ignore translate_off and synthesis_off directives                               ; Off                 ; Off                 ;
; Timing-Driven Synthesis                                                         ; On                  ; On                  ;
; Report Parameter Settings                                                       ; On                  ; On                  ;
; Report Source Assignments                                                       ; On                  ; On                  ;
; Report Connectivity Checks                                                      ; On                  ; On                  ;
; Ignore Maximum Fan-Out Assignments                                              ; Off                 ; Off                 ;
; Synchronization Register Chain Length                                           ; 3                   ; 3                   ;
; PowerPlay Power Optimization During Synthesis                                   ; Normal compilation  ; Normal compilation  ;
; HDL message level                                                               ; Level2              ; Level2              ;
; Suppress Register Optimization Related Messages                                 ; Off                 ; Off                 ;
; Number of Removed Registers Reported in Synthesis Report                        ; 5000                ; 5000                ;
; Number of Swept Nodes Reported in Synthesis Report                              ; 5000                ; 5000                ;
; Number of Inverted Registers Reported in Synthesis Report                       ; 100                 ; 100                 ;
; Clock MUX Protection                                                            ; On                  ; On                  ;
; Auto Gated Clock Conversion                                                     ; Off                 ; Off                 ;
; Block Design Naming                                                             ; Auto                ; Auto                ;
; SDC constraint protection                                                       ; Off                 ; Off                 ;
; Synthesis Effort                                                                ; Auto                ; Auto                ;
; Shift Register Replacement - Allow Asynchronous Clear Signal                    ; On                  ; On                  ;
; Pre-Mapping Resynthesis Optimization                                            ; Off                 ; Off                 ;
; Analysis & Synthesis Message Level                                              ; Medium              ; Medium              ;
; Disable Register Merging Across Hierarchies                                     ; Auto                ; Auto                ;
; Resource Aware Inference For Block RAM                                          ; On                  ; On                  ;
; Automatic Parallel Synthesis                                                    ; On                  ; On                  ;
; Partial Reconfiguration Bitstream ID                                            ; Off                 ; Off                 ;
+---------------------------------------------------------------------------------+---------------------+---------------------+


+------------------------------------------+
; Parallel Compilation                     ;
+----------------------------+-------------+
; Processors                 ; Number      ;
+----------------------------+-------------+
; Number detected on machine ; 12          ;
; Maximum allowed            ; 12          ;
;                            ;             ;
; Average used               ; 1.00        ;
; Maximum used               ; 1           ;
;                            ;             ;
; Usage by Processor         ; % Time Used ;
;     Processor 1            ; 100.0%      ;
+----------------------------+-------------+


+--------------------------------------------------------------------------------------------------------------------------------------------------------------------------------------+
; Analysis & Synthesis Source Files Read                                                                                                                                               ;
+----------------------------------+-----------------+-----------------+-----------------------------------------------------------------------------------------------------+---------+
; File Name with User-Entered Path ; Used in Netlist ; File Type       ; File Name with Absolute Path                                                                        ; Library ;
+----------------------------------+-----------------+-----------------+-----------------------------------------------------------------------------------------------------+---------+
; VHDL_microprocessor.vhd          ; yes             ; User VHDL File  ; C:/Users/Simon/Desktop/Masterstudium/HardwareEntwurf/et5000_hardwareentwurf/VHDL_microprocessor.vhd ;         ;
+----------------------------------+-----------------+-----------------+-----------------------------------------------------------------------------------------------------+---------+


+-----------------------------------------------------+
; Analysis & Synthesis Resource Usage Summary         ;
+---------------------------------------------+-------+
; Resource                                    ; Usage ;
+---------------------------------------------+-------+
; Estimate of Logic utilization (ALMs needed) ; 0     ;
;                                             ;       ;
; Combinational ALUT usage for logic          ; 0     ;
;     -- 7 input functions                    ; 0     ;
;     -- 6 input functions                    ; 0     ;
;     -- 5 input functions                    ; 0     ;
;     -- 4 input functions                    ; 0     ;
;     -- <=3 input functions                  ; 0     ;
;                                             ;       ;
; Dedicated logic registers                   ; 0     ;
;                                             ;       ;
; I/O pins                                    ; 1     ;
;                                             ;       ;
; Total DSP Blocks                            ; 0     ;
;                                             ;       ;
; Maximum fan-out node                        ; clk   ;
; Maximum fan-out                             ; 1     ;
; Total fan-out                               ; 1     ;
; Average fan-out                             ; 0.50  ;
+---------------------------------------------+-------+


+-------------------------------------------------------------------------------------------------------------------------------------------------------------------------------------------------+
; Analysis & Synthesis Resource Utilization by Entity                                                                                                                                             ;
+----------------------------+---------------------+---------------------------+-------------------+------------+------+--------------+----------------------+---------------------+--------------+
; Compilation Hierarchy Node ; Combinational ALUTs ; Dedicated Logic Registers ; Block Memory Bits ; DSP Blocks ; Pins ; Virtual Pins ; Full Hierarchy Name  ; Entity Name         ; Library Name ;
+----------------------------+---------------------+---------------------------+-------------------+------------+------+--------------+----------------------+---------------------+--------------+
; |VHDL_microprocessor       ; 0 (0)               ; 0 (0)                     ; 0                 ; 0          ; 1    ; 0            ; |VHDL_microprocessor ; VHDL_microprocessor ; work         ;
+----------------------------+---------------------+---------------------------+-------------------+------------+------+--------------+----------------------+---------------------+--------------+
Note: For table entries with two numbers listed, the numbers in parentheses indicate the number of resources of the given type used by the specific entity alone. The numbers listed outside of parentheses indicate the total resources of the given type used by the specific entity and all of its sub-entities in the hierarchy.


+------------------------------------------------------+
; General Register Statistics                          ;
+----------------------------------------------+-------+
; Statistic                                    ; Value ;
+----------------------------------------------+-------+
; Total registers                              ; 0     ;
; Number of registers using Synchronous Clear  ; 0     ;
; Number of registers using Synchronous Load   ; 0     ;
; Number of registers using Asynchronous Clear ; 0     ;
; Number of registers using Asynchronous Load  ; 0     ;
; Number of registers using Clock Enable       ; 0     ;
; Number of registers using Preset             ; 0     ;
+----------------------------------------------+-------+


+-----------------------------------------------------+
; Post-Synthesis Netlist Statistics for Top Partition ;
+-------------------+---------------------------------+
; Type              ; Count                           ;
+-------------------+---------------------------------+
; boundary_port     ; 1                               ;
;                   ;                                 ;
; Max LUT depth     ; 0.00                            ;
; Average LUT depth ; 0.00                            ;
+-------------------+---------------------------------+


+-------------------------------+
; Elapsed Time Per Partition    ;
+----------------+--------------+
; Partition Name ; Elapsed Time ;
+----------------+--------------+
; Top            ; 00:00:00     ;
+----------------+--------------+


+-------------------------------+
; Analysis & Synthesis Messages ;
+-------------------------------+
Info: *******************************************************************
Info: Running Quartus Prime Analysis & Synthesis
    Info: Version 16.1.0 Build 196 10/24/2016 SJ Lite Edition
    Info: Processing started: Sat Jun 26 10:32:06 2021
Info: Command: quartus_map --read_settings_files=on --write_settings_files=off VHDL_microprocessor -c VHDL_microprocessor
Info (20030): Parallel compilation is enabled and will use 12 of the 12 processors detected
Info (12021): Found 2 design units, including 1 entities, in source file simulation/modelsim/test1_tb.vhd
    Info (12022): Found design unit 1: Test_tb-behavior File: C:/Users/Simon/Desktop/Masterstudium/HardwareEntwurf/et5000_hardwareentwurf/simulation/modelsim/Test1_tb.vhd Line: 15
    Info (12023): Found entity 1: Test_tb File: C:/Users/Simon/Desktop/Masterstudium/HardwareEntwurf/et5000_hardwareentwurf/simulation/modelsim/Test1_tb.vhd Line: 12
Info (12021): Found 2 design units, including 1 entities, in source file simulation/modelsim/pc_tb.vhd
    Info (12022): Found design unit 1: Pc_tb-Pc_tb_arch File: C:/Users/Simon/Desktop/Masterstudium/HardwareEntwurf/et5000_hardwareentwurf/simulation/modelsim/Pc_tb.vhd Line: 13
    Info (12023): Found entity 1: Pc_tb File: C:/Users/Simon/Desktop/Masterstudium/HardwareEntwurf/et5000_hardwareentwurf/simulation/modelsim/Pc_tb.vhd Line: 10
Info (12021): Found 2 design units, including 1 entities, in source file simulation/modelsim/memory_tb.vhd
    Info (12022): Found design unit 1: Memory_tb-Memory_tb_arch File: C:/Users/Simon/Desktop/Masterstudium/HardwareEntwurf/et5000_hardwareentwurf/simulation/modelsim/Memory_tb.vhd Line: 11
    Info (12023): Found entity 1: Memory_tb File: C:/Users/Simon/Desktop/Masterstudium/HardwareEntwurf/et5000_hardwareentwurf/simulation/modelsim/Memory_tb.vhd Line: 8
Info (12021): Found 2 design units, including 1 entities, in source file simulation/modelsim/alu_tb.vhd
    Info (12022): Found design unit 1: Alu_tb-Alu_tb_arch File: C:/Users/Simon/Desktop/Masterstudium/HardwareEntwurf/et5000_hardwareentwurf/simulation/modelsim/Alu_tb.vhd Line: 13
    Info (12023): Found entity 1: Alu_tb File: C:/Users/Simon/Desktop/Masterstudium/HardwareEntwurf/et5000_hardwareentwurf/simulation/modelsim/Alu_tb.vhd Line: 10
Info (12021): Found 2 design units, including 1 entities, in source file vhdl_microprocessor.vhd
    Info (12022): Found design unit 1: VHDL_microprocessor-structural File: C:/Users/Simon/Desktop/Masterstudium/HardwareEntwurf/et5000_hardwareentwurf/VHDL_microprocessor.vhd Line: 23
    Info (12023): Found entity 1: VHDL_microprocessor File: C:/Users/Simon/Desktop/Masterstudium/HardwareEntwurf/et5000_hardwareentwurf/VHDL_microprocessor.vhd Line: 15
Info (12021): Found 2 design units, including 1 entities, in source file pc.vhd
    Info (12022): Found design unit 1: pc_entity-pc_arch File: C:/Users/Simon/Desktop/Masterstudium/HardwareEntwurf/et5000_hardwareentwurf/Pc.vhd Line: 22
    Info (12023): Found entity 1: pc_entity File: C:/Users/Simon/Desktop/Masterstudium/HardwareEntwurf/et5000_hardwareentwurf/Pc.vhd Line: 5
Info (12021): Found 2 design units, including 1 entities, in source file memory.vhd
    Info (12022): Found design unit 1: memory_entity-memory_arch File: C:/Users/Simon/Desktop/Masterstudium/HardwareEntwurf/et5000_hardwareentwurf/Memory.vhd Line: 26
    Info (12023): Found entity 1: memory_entity File: C:/Users/Simon/Desktop/Masterstudium/HardwareEntwurf/et5000_hardwareentwurf/Memory.vhd Line: 10
Info (12021): Found 2 design units, including 1 entities, in source file decoder.vhd
    Info (12022): Found design unit 1: decoder_entity-decoder_arch File: C:/Users/Simon/Desktop/Masterstudium/HardwareEntwurf/et5000_hardwareentwurf/Decoder.vhd Line: 24
    Info (12023): Found entity 1: decoder_entity File: C:/Users/Simon/Desktop/Masterstudium/HardwareEntwurf/et5000_hardwareentwurf/Decoder.vhd Line: 6
Info (12021): Found 2 design units, including 0 entities, in source file common.vhd
    Info (12022): Found design unit 1: common File: C:/Users/Simon/Desktop/Masterstudium/HardwareEntwurf/et5000_hardwareentwurf/Common.vhd Line: 4
    Info (12022): Found design unit 2: common-body File: C:/Users/Simon/Desktop/Masterstudium/HardwareEntwurf/et5000_hardwareentwurf/Common.vhd Line: 72
Info (12021): Found 2 design units, including 1 entities, in source file alu.vhd
    Info (12022): Found design unit 1: alu_entity-alu_arch File: C:/Users/Simon/Desktop/Masterstudium/HardwareEntwurf/et5000_hardwareentwurf/Alu.vhd Line: 28
    Info (12023): Found entity 1: alu_entity File: C:/Users/Simon/Desktop/Masterstudium/HardwareEntwurf/et5000_hardwareentwurf/Alu.vhd Line: 8
Info (12021): Found 2 design units, including 1 entities, in source file controlunit.vhd
    Info (12022): Found design unit 1: controlUnit_entity-controlUnit_arch File: C:/Users/Simon/Desktop/Masterstudium/HardwareEntwurf/et5000_hardwareentwurf/ControlUnit.vhd Line: 25
    Info (12023): Found entity 1: controlUnit_entity File: C:/Users/Simon/Desktop/Masterstudium/HardwareEntwurf/et5000_hardwareentwurf/ControlUnit.vhd Line: 11
Info (12021): Found 2 design units, including 1 entities, in source file rom.vhd
    Info (12022): Found design unit 1: rom_entity-rom_arch File: C:/Users/Simon/Desktop/Masterstudium/HardwareEntwurf/et5000_hardwareentwurf/Rom.vhd Line: 25
    Info (12023): Found entity 1: rom_entity File: C:/Users/Simon/Desktop/Masterstudium/HardwareEntwurf/et5000_hardwareentwurf/Rom.vhd Line: 11
Info (12127): Elaborating entity "VHDL_microprocessor" for the top level hierarchy
Info (16010): Generating hard_block partition "hard_block:auto_generated_inst"
    Info (16011): Adding 0 node(s), including 0 DDIO, 0 PLL, 0 transceiver and 0 LCELL
Warning (21074): Design contains 1 input pin(s) that do not drive logic
    Warning (15610): No output dependent on input pin "clk" File: C:/Users/Simon/Desktop/Masterstudium/HardwareEntwurf/et5000_hardwareentwurf/VHDL_microprocessor.vhd Line: 18
Info (21057): Implemented 1 device resources after synthesis - the final resource count might be different
    Info (21058): Implemented 1 input pins
    Info (21059): Implemented 0 output pins
Info: Quartus Prime Analysis & Synthesis was successful. 0 errors, 2 warnings
    Info: Peak virtual memory: 4847 megabytes
    Info: Processing ended: Sat Jun 26 10:32:17 2021
    Info: Elapsed time: 00:00:11
    Info: Total CPU time (on all processors): 00:00:24


